{"level":"error","message":"error al grabar productos"}
{"level":"error","message":"error al grabar productos"}
{"level":"error","message":"error al grabar productos"}
{"level":"error","message":"error al grabar productos"}
{"level":"error","message":"error al grabar productos"}
{"level":"error","message":"error al grabar productos"}
{"level":"error","message":"error al grabar productos"}
{"level":"error","message":"error al grabar productos"}
{"level":"error","message":"error al grabar productos"}
{"level":"error","message":"error al grabar productos"}
{"level":"error","message":"error al grabar productos"}
{"level":"error","message":"error al grabar productos"}
{"level":"error","message":"error al actualizar productos"}
{"level":"error","message":"error al actualizar productos"}
{"level":"error","message":"error al actualizar productos"}
{"level":"error","message":"error al actualizar productos"}
{"level":"error","message":"error al actualizar productos"}
{"level":"error","message":"error al actualizar productos"}
{"level":"error","message":"error al actualizar productos"}
{"level":"error","message":"error al borrar un producto"}
{"level":"error","message":"error al buscar un producto"}
{"level":"error","message":"error al buscar un producto"}
{"level":"error","message":"error al buscar un producto"}
{"level":"error","message":"error al buscar un producto"}
{"level":"error","message":"error al buscar un producto"}
{"level":"error","message":"error al buscar un producto"}
{"level":"error","message":"error al buscar un producto"}
{"level":"error","message":"error al buscar un producto"}
{"level":"error","message":"error al buscar un producto"}
{"level":"error","message":"error al buscar un producto"}
{"level":"error","message":"error al buscar un producto"}
{"level":"error","message":"error al buscar un producto"}
{"level":"error","message":"error al buscar un producto"}
{"level":"error","message":"error al buscar un producto"}
{"level":"error","message":"error al buscar un producto"}
{"level":"error","message":"error al buscar un producto"}
{"level":"error","message":"error al buscar un producto"}
{"level":"error","message":"error al buscar un producto"}
{"level":"error","message":"error al buscar un producto"}
{"level":"error","message":"error al buscar un producto"}
{"level":"error","message":"error al buscar un producto"}
{"level":"error","message":"error al buscar un producto"}
{"level":"error","message":"error al buscar un producto"}
{"level":"error","message":"error al buscar un producto"}
{"level":"error","message":"error al buscar un producto"}
{"level":"error","message":"error al buscar un producto"}
{"level":"error","message":"error al buscar un producto"}
{"level":"error","message":"error al buscar un producto"}
{"level":"error","message":"error al buscar un producto"}
{"level":"error","message":"error al buscar un producto"}
{"level":"error","message":"error al buscar un producto"}
{"level":"error"}
{"level":"error"}
{"level":"error","message":"error al buscar un producto"}
{"level":"error","message":"error al buscar un producto"}
{"level":"error"}
{"level":"error"}
{"level":"error"}
{"level":"error"}
{"level":"error"}
{"level":"error"}
{"level":"error"}
{"level":"error"}
{"level":"error"}
{"level":"error"}
{"level":"error"}
{"level":"error"}
{"level":"error"}
{"level":"error"}
{"level":"error"}
{"level":"error"}
{"level":"error"}
{"level":"error"}
{"level":"error"}
{"level":"error"}
{"level":"error"}
{"level":"error"}
{"level":"error"}
{"level":"error"}
{"level":"error"}
{"level":"error"}
{"level":"error"}
{"level":"error"}
{"level":"error"}
{"level":"error"}
{"level":"error"}
{"level":"error"}
{"level":"error"}
{"level":"error"}
{"level":"error"}
{"level":"error"}
{"level":"error"}
{"level":"error"}
{"level":"error"}
{"level":"error"}
{"level":"error"}
{"level":"error"}
{"level":"error"}
{"level":"error"}
{"level":"error"}
{"level":"error"}
{"level":"error"}
{"level":"error"}
{"level":"error"}
{"level":"error"}
{"level":"error"}
{"level":"error"}
{"level":"error"}
{"level":"error"}
{"level":"error"}
{"level":"error"}
{"level":"error"}
{"level":"error"}
{"level":"error"}
{"level":"error"}
{"level":"error"}
{"level":"error"}
{"level":"error"}
{"level":"error"}
{"level":"error"}
{"level":"error"}
{"level":"error"}
{"level":"error"}
{"level":"error"}
{"level":"error"}
{"level":"error"}
{"level":"error"}
{"level":"error"}
{"level":"error"}
{"level":"error"}
{"level":"error"}
{"level":"error"}
{"level":"error"}
{"level":"error"}
{"level":"error"}
{"level":"error"}
{"level":"error"}
{"level":"error"}
{"level":"error"}
{"level":"error"}
{"level":"error"}
{"level":"error"}
{"level":"error"}
{"level":"error"}
{"level":"error"}
{"level":"error"}
{"level":"error"}
{"level":"error"}
{"level":"error"}
{"level":"error"}
{"level":"error"}
{"level":"error"}
{"level":"error"}
{"level":"error"}
{"level":"error"}
{"level":"error"}
{"level":"error"}
{"level":"error"}
{"level":"error"}
{"level":"error"}
{"level":"error"}
{"level":"error"}
{"level":"error"}
{"level":"error"}
{"level":"error"}
{"level":"error"}
{"level":"error"}
{"level":"error"}
{"level":"error"}
{"level":"error"}
{"level":"error"}
{"level":"error"}
{"level":"error"}
{"level":"error"}
{"level":"error"}
{"level":"error"}
{"level":"error"}
{"level":"error"}
{"level":"error"}
{"level":"error"}
{"level":"error"}
{"level":"error"}
{"level":"error"}
{"level":"error"}
{"level":"error"}
{"level":"error"}
{"level":"error"}
{"level":"error"}
{"level":"error"}
{"level":"error"}
{"level":"error"}
{"level":"error"}
{"level":"error"}
{"level":"error"}
{"level":"error"}
{"level":"error"}
{"level":"error"}
{"level":"error"}
{"level":"error"}
{"level":"error"}
{"level":"error"}
{"level":"error"}
{"level":"error"}
{"level":"error"}
{"level":"error"}
{"level":"error"}
{"level":"error"}
{"level":"error"}
{"level":"error"}
{"level":"error"}
{"level":"error"}
{"level":"error"}
{"level":"error"}
{"level":"error"}
{"level":"error"}
{"level":"error"}
{"level":"error"}
{"level":"error"}
{"level":"error"}
{"level":"error"}
{"level":"error"}
{"level":"error"}
{"level":"error"}
{"level":"error"}
{"level":"error"}
{"level":"error"}
{"level":"error"}
{"level":"error"}
{"level":"error"}
{"level":"error"}
{"level":"error"}
{"level":"error"}
{"level":"error"}
{"level":"error"}
{"level":"error"}
{"level":"error"}
{"level":"error"}
{"level":"error"}
{"level":"error"}
{"level":"error"}
{"level":"error"}
{"level":"error"}
{"level":"error"}
{"level":"error"}
{"level":"error"}
{"level":"error"}
{"level":"error"}
{"level":"error"}
{"level":"error"}
{"level":"error"}
{"level":"error"}
{"level":"error"}
{"level":"error"}
{"level":"error"}
{"level":"error"}
{"level":"error"}
{"level":"error"}
{"level":"error"}
{"level":"error"}
{"level":"error"}
{"level":"error"}
{"level":"error"}
{"level":"error"}
{"level":"error"}
{"level":"error"}
{"level":"error"}
{"level":"error"}
{"level":"error"}
{"level":"error"}
{"level":"error"}
{"level":"error"}
{"level":"error"}
{"level":"error"}
{"level":"error"}
{"level":"error"}
{"level":"error"}
{"level":"error"}
{"level":"error"}
{"level":"error"}
{"level":"error"}
{"level":"error"}
{"level":"error"}
{"level":"error"}
{"level":"error"}
{"level":"error"}
{"level":"error"}
{"level":"error"}
{"level":"error"}
{"level":"error"}
{"level":"error"}
{"level":"error"}
{"level":"error"}
{"level":"error"}
{"level":"error"}
{"level":"error"}
{"level":"error"}
{"level":"error"}
{"level":"error"}
{"level":"error"}
{"level":"error"}
{"level":"error"}
{"level":"error"}
{"level":"error"}
{"level":"error"}
{"level":"error"}
{"level":"error"}
{"level":"error"}
{"level":"error"}
{"level":"error"}
{"level":"error"}
{"level":"error"}
{"level":"error"}
{"code":20003,"level":"error","moreInfo":"https://www.twilio.com/docs/errors/20003","status":401}
{"code":20003,"level":"error","moreInfo":"https://www.twilio.com/docs/errors/20003","status":401}
{"level":"error"}
{"level":"error"}
{"level":"error"}
{"level":"error"}
{"level":"error"}
{"level":"error"}
{"level":"error"}
{"level":"error"}
{"level":"error"}
{"level":"error"}
{"level":"error"}
{"level":"error"}
{"level":"error"}
{"level":"error"}
{"level":"error"}
{"level":"error"}
{"level":"error"}
{"level":"error"}
{"level":"error"}
{"level":"error"}
{"level":"error"}
{"level":"error"}
{"level":"error"}
{"level":"error"}
{"level":"error"}
{"level":"error"}
{"level":"error"}
{"level":"error"}
{"level":"error"}
{"level":"error"}
{"level":"error"}
{"level":"error"}
{"level":"error"}
{"level":"error"}
{"code":20003,"level":"error","moreInfo":"https://www.twilio.com/docs/errors/20003","status":401}
{"code":20003,"level":"error","moreInfo":"https://www.twilio.com/docs/errors/20003","status":401}
{"level":"error","message":"error al buscar un mail"}
{"level":"error","message":"error al buscar un mail"}
{"level":"error","message":"error al buscar un mail"}
{"level":"error","message":"error al buscar un mail"}
{"level":"error","message":"error al buscar un mail"}
{"level":"error","message":"error al buscar un mail"}
{"level":"error","message":"error al buscar un mail"}
{"level":"error","message":"error al buscar un mail"}
{"level":"error","message":"error al buscar un mail"}
{"level":"error","message":"error al buscar un mail"}
{"level":"error","message":"error al buscar un mail"}
{"level":"error","message":"error al buscar un mail"}
{"level":"error","message":"error al buscar un mail"}
{"level":"error","message":"error al buscar un mail"}
{"level":"error","message":"error al buscar un mail"}
{"level":"error","message":"error al buscar un producto"}
{"level":"error","message":"error al buscar un producto"}
{"level":"error","message":"error al buscar un producto"}
{"level":"error","message":"error al buscar un producto"}
{"kind":"Number","message":"Cast to Number failed for value \"6391e0ebe21dbba18823204f\" (type string) at path \"id\" for model \"carts\"","name":"CastError","path":"id","reason":{"actual":false,"code":"ERR_ASSERTION","expected":true,"generatedMessage":true,"operator":"=="},"stringValue":"\"6391e0ebe21dbba18823204f\"","value":"6391e0ebe21dbba18823204f","valueType":"string"}
{"kind":"Number","message":"Cast to Number failed for value \"6391e0ebe21dbba18823204f\" (type string) at path \"id\" for model \"carts\"","name":"CastError","path":"id","reason":{"actual":false,"code":"ERR_ASSERTION","expected":true,"generatedMessage":true,"operator":"=="},"stringValue":"\"6391e0ebe21dbba18823204f\"","value":"6391e0ebe21dbba18823204f","valueType":"string"}
{"level":"error","message":"error al buscar un producto"}
{"level":"error","message":"error al buscar un producto"}
{"level":"error","message":"error al actualizar productos"}
{"level":"error","message":"error al actualizar productos"}
{"level":"error","message":"error al actualizar productos"}
{"level":"error","message":"error al actualizar productos"}
{"level":"error","message":"error al buscar un mail"}
{"level":"error","message":"error al buscar un mail"}
{"level":"error"}
{"level":"error"}
{"level":"error"}
{"level":"error"}
{"level":"error"}
{"level":"error"}
{"level":"error"}
{"level":"error"}
{"level":"error"}
{"level":"error"}
{"level":"error"}
{"level":"error"}
{"level":"error"}
{"level":"error"}
{"level":"error"}
{"level":"error"}
{"level":"error"}
{"level":"error"}
{"level":"error"}
{"level":"error"}
{"level":"error"}
{"level":"error"}
{"level":"error"}
{"level":"error"}
{"level":"error"}
{"level":"error"}
{"level":"error"}
{"level":"error"}
{"level":"error"}
{"level":"error"}
{"level":"error"}
{"level":"error"}
{"level":"error"}
{"level":"error"}
{"level":"error"}
{"level":"error"}
{"level":"error"}
{"level":"error"}
{"level":"error"}
{"level":"error"}
{"level":"error"}
{"level":"error"}
{"level":"error"}
{"level":"error"}
{"level":"error"}
{"level":"error"}
{"level":"error"}
{"level":"error"}
{"level":"error"}
{"level":"error"}
{"level":"error"}
{"level":"error"}
{"level":"error"}
{"level":"error"}
{"level":"error"}
{"level":"error","message":"error al buscar un producto"}
{"level":"error","message":"error al buscar un producto"}
{"level":"error","message":"error al buscar un producto"}
{"level":"error","message":"error al buscar un producto"}
{"level":"error","message":"error al buscar un producto"}
{"kind":"Number","message":"Cast to Number failed for value \"s\" (type string) at path \"id\" for model \"carts\"","name":"CastError","path":"id","reason":{"actual":false,"code":"ERR_ASSERTION","expected":true,"generatedMessage":true,"operator":"=="},"stringValue":"\"s\"","value":"s","valueType":"string"}
{"level":"error"}
{"level":"error"}
{"level":"error","message":"error al borrar un producto"}
{"level":"error","message":"error al borrar un producto"}
{"level":"error","message":"error al buscar un producto"}
{"level":"error","message":"error al buscar un producto"}
{"level":"error","message":"error al buscar un producto"}
{"level":"error","message":"error al buscar un producto"}
{"level":"error","message":"error al buscar un producto"}
{"level":"error","message":"error al buscar un producto"}
{"level":"error","message":"error al buscar un producto"}
{"level":"error","message":"error al buscar un producto"}
{"level":"error","message":"error al buscar un producto"}
{"level":"error","message":"error al buscar un producto"}
{"level":"error","message":"error al buscar un producto"}
{"level":"error","message":"error al buscar un producto"}
{"level":"error","message":"error al buscar un producto"}
{"level":"error","message":"error al buscar un producto"}
{"level":"error","message":"error al buscar un producto"}
{"level":"error","message":"error al buscar un producto"}
{"level":"error","message":"error al buscar un producto"}
{"level":"error","message":"error al buscar un producto"}
{"level":"error","message":"error al buscar un producto"}
{"level":"error","message":"error al buscar un producto"}
{"level":"error","message":"error al buscar un producto"}
{"level":"error","message":"error al buscar un producto"}
{"level":"error","message":"error al buscar un producto"}
{"level":"error","message":"error al buscar un producto"}
{"level":"error","message":"error al buscar un producto"}
{"level":"error","message":"error al buscar un producto"}
{"level":"error"}
{"level":"error"}
{"level":"error"}
{"level":"error"}
{"level":"error"}
{"level":"error"}
{"level":"error"}
{"level":"error"}
{"level":"error"}
{"level":"error"}
{"level":"error"}
{"level":"error"}
{"level":"error"}
{"level":"error"}
{"level":"error","message":"error al buscar un producto"}
{"level":"error","message":"error al buscar un producto"}
{"level":"error"}
{"level":"error"}
{"level":"error"}
{"level":"error"}
{"level":"error"}
{"level":"error"}
{"level":"error"}
{"level":"error"}
{"level":"error"}
{"level":"error"}
{"level":"error"}
{"level":"error"}
{"level":"error"}
{"level":"error"}
{"level":"error"}
{"level":"error"}
{"level":"error"}
{"level":"error"}
{"level":"error"}
{"level":"error"}
{"level":"error"}
{"level":"error"}
{"level":"error"}
{"level":"error"}
{"level":"error"}
{"level":"error"}
{"level":"error"}
{"level":"error"}
{"level":"error"}
{"level":"error"}
{"level":"error"}
{"level":"error"}
{"level":"error"}
{"level":"error"}
{"level":"error"}
{"level":"error"}
{"level":"error"}
{"level":"error"}
{"level":"error"}
{"level":"error"}
{"level":"error"}
{"level":"error"}
{"level":"error"}
{"level":"error"}
{"level":"error"}
{"level":"error"}
{"level":"error"}
{"level":"error"}
{"level":"error"}
{"level":"error"}
{"level":"error"}
{"level":"error"}
{"level":"error"}
{"level":"error"}
{"level":"error"}
{"level":"error"}
{"level":"error"}
{"level":"error"}
{"level":"error"}
{"level":"error"}
{"level":"error"}
{"level":"error"}
{"level":"error"}
{"level":"error"}
{"level":"error"}
{"level":"error"}
{"level":"error"}
{"level":"error"}
{"level":"error"}
{"level":"error"}
{"level":"error"}
{"level":"error"}
{"level":"error"}
{"code":20003,"level":"error","moreInfo":"https://www.twilio.com/docs/errors/20003","status":401}
{"code":20003,"level":"error","moreInfo":"https://www.twilio.com/docs/errors/20003","status":401}
{"level":"error"}
{"code":20003,"level":"error","moreInfo":"https://www.twilio.com/docs/errors/20003","status":401}
{"code":20003,"level":"error","moreInfo":"https://www.twilio.com/docs/errors/20003","status":401}
{"code":20003,"level":"error","moreInfo":"https://www.twilio.com/docs/errors/20003","status":401}
{"code":20003,"level":"error","moreInfo":"https://www.twilio.com/docs/errors/20003","status":401}
{"level":"error"}
{"level":"error","message":"error al buscar un producto"}
{"level":"error","message":"error al buscar un producto"}
{"level":"error","message":"error al buscar un producto"}
{"level":"error"}
{"level":"error"}
{"level":"error"}
{"level":"error"}
{"level":"error"}
{"level":"error"}
{"kind":"Number","message":"Cast to Number failed for value \"total\" (type string) at path \"id\" for model \"carts\"","name":"CastError","path":"id","reason":{"actual":false,"code":"ERR_ASSERTION","expected":true,"generatedMessage":true,"operator":"=="},"stringValue":"\"total\"","value":"total","valueType":"string"}
{"kind":"Number","message":"Cast to Number failed for value \"totala\" (type string) at path \"id\" for model \"carts\"","name":"CastError","path":"id","reason":{"actual":false,"code":"ERR_ASSERTION","expected":true,"generatedMessage":true,"operator":"=="},"stringValue":"\"totala\"","value":"totala","valueType":"string"}
{"kind":"Number","message":"Cast to Number failed for value \"total\" (type string) at path \"id\" for model \"carts\"","name":"CastError","path":"id","reason":{"actual":false,"code":"ERR_ASSERTION","expected":true,"generatedMessage":true,"operator":"=="},"stringValue":"\"total\"","value":"total","valueType":"string"}
{"kind":"Number","message":"Cast to Number failed for value \"total\" (type string) at path \"id\" for model \"carts\"","name":"CastError","path":"id","reason":{"actual":false,"code":"ERR_ASSERTION","expected":true,"generatedMessage":true,"operator":"=="},"stringValue":"\"total\"","value":"total","valueType":"string"}
{"level":"error"}
{"level":"error"}
{"level":"error"}
{"level":"error"}
